mode: atomic
github.com/brigadecore/brigade/v2/sdk/api_client.go:25.78,31.2 1 1
github.com/brigadecore/brigade/v2/sdk/api_client.go:33.45,35.2 1 1
github.com/brigadecore/brigade/v2/sdk/api_client.go:37.43,39.2 1 1
github.com/brigadecore/brigade/v2/sdk/api_client.go:41.47,43.2 1 1
github.com/brigadecore/brigade/v2/sdk/internal/restmachinery/client.go:33.21,42.2 1 1
github.com/brigadecore/brigade/v2/sdk/internal/restmachinery/client.go:46.65,50.2 1 1
github.com/brigadecore/brigade/v2/sdk/internal/restmachinery/client.go:58.21,59.24 1 1
github.com/brigadecore/brigade/v2/sdk/internal/restmachinery/client.go:62.2,62.25 1 1
github.com/brigadecore/brigade/v2/sdk/internal/restmachinery/client.go:65.2,65.21 1 1
github.com/brigadecore/brigade/v2/sdk/internal/restmachinery/client.go:68.2,68.20 1 1
github.com/brigadecore/brigade/v2/sdk/internal/restmachinery/client.go:59.24,61.3 1 0
github.com/brigadecore/brigade/v2/sdk/internal/restmachinery/client.go:62.25,64.3 1 1
github.com/brigadecore/brigade/v2/sdk/internal/restmachinery/client.go:65.21,67.3 1 1
github.com/brigadecore/brigade/v2/sdk/internal/restmachinery/client.go:79.9,81.16 2 1
github.com/brigadecore/brigade/v2/sdk/internal/restmachinery/client.go:84.2,85.24 2 1
github.com/brigadecore/brigade/v2/sdk/internal/restmachinery/client.go:94.2,94.12 1 1
github.com/brigadecore/brigade/v2/sdk/internal/restmachinery/client.go:81.16,83.3 1 0
github.com/brigadecore/brigade/v2/sdk/internal/restmachinery/client.go:85.24,87.17 2 1
github.com/brigadecore/brigade/v2/sdk/internal/restmachinery/client.go:90.3,90.68 1 1
github.com/brigadecore/brigade/v2/sdk/internal/restmachinery/client.go:87.17,89.4 1 0
github.com/brigadecore/brigade/v2/sdk/internal/restmachinery/client.go:90.68,92.4 1 0
github.com/brigadecore/brigade/v2/sdk/internal/restmachinery/client.go:106.27,108.27 2 13
github.com/brigadecore/brigade/v2/sdk/internal/restmachinery/client.go:121.2,126.16 2 13
github.com/brigadecore/brigade/v2/sdk/internal/restmachinery/client.go:134.2,135.30 2 13
github.com/brigadecore/brigade/v2/sdk/internal/restmachinery/client.go:142.2,142.36 1 13
github.com/brigadecore/brigade/v2/sdk/internal/restmachinery/client.go:145.2,145.32 1 13
github.com/brigadecore/brigade/v2/sdk/internal/restmachinery/client.go:149.2,150.16 2 13
github.com/brigadecore/brigade/v2/sdk/internal/restmachinery/client.go:154.2,155.64 1 13
github.com/brigadecore/brigade/v2/sdk/internal/restmachinery/client.go:184.2,184.18 1 6
github.com/brigadecore/brigade/v2/sdk/internal/restmachinery/client.go:108.27,109.38 1 2
github.com/brigadecore/brigade/v2/sdk/internal/restmachinery/client.go:110.15,111.39 1 1
github.com/brigadecore/brigade/v2/sdk/internal/restmachinery/client.go:112.11,114.18 2 1
github.com/brigadecore/brigade/v2/sdk/internal/restmachinery/client.go:117.4,117.49 1 1
github.com/brigadecore/brigade/v2/sdk/internal/restmachinery/client.go:114.18,116.5 1 0
github.com/brigadecore/brigade/v2/sdk/internal/restmachinery/client.go:126.16,133.3 1 0
github.com/brigadecore/brigade/v2/sdk/internal/restmachinery/client.go:135.30,137.37 2 1
github.com/brigadecore/brigade/v2/sdk/internal/restmachinery/client.go:140.3,140.30 1 1
github.com/brigadecore/brigade/v2/sdk/internal/restmachinery/client.go:137.37,139.4 1 1
github.com/brigadecore/brigade/v2/sdk/internal/restmachinery/client.go:142.36,144.3 1 1
github.com/brigadecore/brigade/v2/sdk/internal/restmachinery/client.go:145.32,147.3 1 1
github.com/brigadecore/brigade/v2/sdk/internal/restmachinery/client.go:150.16,152.3 1 0
github.com/brigadecore/brigade/v2/sdk/internal/restmachinery/client.go:155.64,159.26 2 7
github.com/brigadecore/brigade/v2/sdk/internal/restmachinery/client.go:175.3,176.17 2 6
github.com/brigadecore/brigade/v2/sdk/internal/restmachinery/client.go:179.3,179.58 1 6
github.com/brigadecore/brigade/v2/sdk/internal/restmachinery/client.go:182.3,182.21 1 6
github.com/brigadecore/brigade/v2/sdk/internal/restmachinery/client.go:160.32,161.38 1 1
github.com/brigadecore/brigade/v2/sdk/internal/restmachinery/client.go:162.29,163.37 1 1
github.com/brigadecore/brigade/v2/sdk/internal/restmachinery/client.go:164.30,165.34 1 1
github.com/brigadecore/brigade/v2/sdk/internal/restmachinery/client.go:166.28,167.32 1 1
github.com/brigadecore/brigade/v2/sdk/internal/restmachinery/client.go:168.28,169.32 1 1
github.com/brigadecore/brigade/v2/sdk/internal/restmachinery/client.go:170.39,171.38 1 1
github.com/brigadecore/brigade/v2/sdk/internal/restmachinery/client.go:172.11,173.77 1 1
github.com/brigadecore/brigade/v2/sdk/internal/restmachinery/client.go:176.17,178.4 1 0
github.com/brigadecore/brigade/v2/sdk/internal/restmachinery/client.go:179.58,181.4 1 0
github.com/brigadecore/brigade/v2/sdk/authx/tokens.go:17.46,31.2 2 4
github.com/brigadecore/brigade/v2/sdk/authx/users.go:30.49,44.2 2 2
github.com/brigadecore/brigade/v2/sdk/authx/users.go:61.45,75.2 2 4
github.com/brigadecore/brigade/v2/sdk/authx/users.go:102.15,116.2 1 6
github.com/brigadecore/brigade/v2/sdk/authx/users.go:122.21,135.2 2 1
github.com/brigadecore/brigade/v2/sdk/authx/users.go:137.73,149.2 2 1
github.com/brigadecore/brigade/v2/sdk/authx/users.go:151.66,161.2 1 1
github.com/brigadecore/brigade/v2/sdk/authx/users.go:163.68,173.2 1 1
github.com/brigadecore/brigade/v2/sdk/authx/api_client.go:26.13,36.2 1 1
github.com/brigadecore/brigade/v2/sdk/authx/api_client.go:38.61,40.2 1 1
github.com/brigadecore/brigade/v2/sdk/authx/api_client.go:42.47,44.2 1 1
github.com/brigadecore/brigade/v2/sdk/authx/api_client.go:46.41,48.2 1 1
github.com/brigadecore/brigade/v2/sdk/authx/service_accounts.go:30.59,44.2 2 2
github.com/brigadecore/brigade/v2/sdk/authx/service_accounts.go:63.55,77.2 2 5
github.com/brigadecore/brigade/v2/sdk/authx/service_accounts.go:111.25,125.2 1 7
github.com/brigadecore/brigade/v2/sdk/authx/service_accounts.go:130.18,143.2 2 1
github.com/brigadecore/brigade/v2/sdk/authx/service_accounts.go:149.31,162.2 2 1
github.com/brigadecore/brigade/v2/sdk/authx/service_accounts.go:167.27,179.2 2 1
github.com/brigadecore/brigade/v2/sdk/authx/service_accounts.go:181.76,191.2 1 1
github.com/brigadecore/brigade/v2/sdk/authx/service_accounts.go:196.18,208.2 2 1
github.com/brigadecore/brigade/v2/sdk/authx/sessions.go:21.63,35.2 2 2
github.com/brigadecore/brigade/v2/sdk/authx/sessions.go:57.18,71.2 1 5
github.com/brigadecore/brigade/v2/sdk/authx/sessions.go:76.18,91.2 2 1
github.com/brigadecore/brigade/v2/sdk/authx/sessions.go:95.35,106.2 2 1
github.com/brigadecore/brigade/v2/sdk/authx/sessions.go:108.60,118.2 1 1
github.com/brigadecore/brigade/v2/sdk/meta/errors.go:11.44,13.2 1 1
github.com/brigadecore/brigade/v2/sdk/meta/errors.go:19.43,21.2 1 1
github.com/brigadecore/brigade/v2/sdk/meta/errors.go:34.40,35.25 1 8
github.com/brigadecore/brigade/v2/sdk/meta/errors.go:38.2,39.35 2 7
github.com/brigadecore/brigade/v2/sdk/meta/errors.go:42.2,42.12 1 7
github.com/brigadecore/brigade/v2/sdk/meta/errors.go:35.25,37.3 1 1
github.com/brigadecore/brigade/v2/sdk/meta/errors.go:39.35,41.3 1 42
github.com/brigadecore/brigade/v2/sdk/meta/errors.go:55.38,57.2 1 3
github.com/brigadecore/brigade/v2/sdk/meta/errors.go:72.38,74.2 1 1
github.com/brigadecore/brigade/v2/sdk/meta/errors.go:81.44,83.2 1 1
github.com/brigadecore/brigade/v2/sdk/meta/errors.go:95.42,97.2 1 1
github.com/brigadecore/brigade/v2/sdk/core/jobs.go:77.48,91.2 2 2
github.com/brigadecore/brigade/v2/sdk/core/jobs.go:114.50,128.2 2 4
github.com/brigadecore/brigade/v2/sdk/core/jobs.go:181.14,195.2 1 19
github.com/brigadecore/brigade/v2/sdk/core/jobs.go:202.9,217.2 1 1
github.com/brigadecore/brigade/v2/sdk/core/jobs.go:223.9,237.2 1 1
github.com/brigadecore/brigade/v2/sdk/core/jobs.go:243.22,259.2 2 1
github.com/brigadecore/brigade/v2/sdk/core/jobs.go:265.43,282.16 2 1
github.com/brigadecore/brigade/v2/sdk/core/jobs.go:286.2,291.29 4 1
github.com/brigadecore/brigade/v2/sdk/core/jobs.go:282.16,284.3 1 0
github.com/brigadecore/brigade/v2/sdk/core/jobs.go:299.9,314.2 1 1
github.com/brigadecore/brigade/v2/sdk/core/jobs.go:321.3,324.6 3 1
github.com/brigadecore/brigade/v2/sdk/core/jobs.go:324.6,326.49 2 2
github.com/brigadecore/brigade/v2/sdk/core/jobs.go:333.3,333.10 1 1
github.com/brigadecore/brigade/v2/sdk/core/jobs.go:326.49,327.11 1 1
github.com/brigadecore/brigade/v2/sdk/core/jobs.go:331.4,331.10 1 0
github.com/brigadecore/brigade/v2/sdk/core/jobs.go:328.22,328.22 0 0
github.com/brigadecore/brigade/v2/sdk/core/jobs.go:329.22,329.22 0 0
github.com/brigadecore/brigade/v2/sdk/core/jobs.go:334.27,334.27 0 1
github.com/brigadecore/brigade/v2/sdk/core/jobs.go:335.21,336.10 1 0
github.com/brigadecore/brigade/v2/sdk/core/projects.go:29.52,43.2 2 2
github.com/brigadecore/brigade/v2/sdk/core/projects.go:66.48,80.2 2 7
github.com/brigadecore/brigade/v2/sdk/core/projects.go:173.18,189.2 1 9
github.com/brigadecore/brigade/v2/sdk/core/projects.go:194.20,207.2 2 1
github.com/brigadecore/brigade/v2/sdk/core/projects.go:212.20,225.2 2 1
github.com/brigadecore/brigade/v2/sdk/core/projects.go:231.24,244.2 2 1
github.com/brigadecore/brigade/v2/sdk/core/projects.go:249.20,261.2 2 1
github.com/brigadecore/brigade/v2/sdk/core/projects.go:266.20,279.2 2 1
github.com/brigadecore/brigade/v2/sdk/core/projects.go:285.20,298.2 2 1
github.com/brigadecore/brigade/v2/sdk/core/projects.go:300.71,310.2 1 1
github.com/brigadecore/brigade/v2/sdk/core/projects.go:312.53,314.2 1 1
github.com/brigadecore/brigade/v2/sdk/core/projects.go:316.50,318.2 1 1
github.com/brigadecore/brigade/v2/sdk/core/secrets.go:24.51,38.2 2 2
github.com/brigadecore/brigade/v2/sdk/core/secrets.go:50.47,64.2 2 4
github.com/brigadecore/brigade/v2/sdk/core/secrets.go:94.17,108.2 1 13
github.com/brigadecore/brigade/v2/sdk/core/secrets.go:114.23,127.2 2 1
github.com/brigadecore/brigade/v2/sdk/core/secrets.go:133.9,148.2 1 1
github.com/brigadecore/brigade/v2/sdk/core/secrets.go:154.9,168.2 1 1
github.com/brigadecore/brigade/v2/sdk/core/workers.go:66.38,77.2 1 0
github.com/brigadecore/brigade/v2/sdk/core/workers.go:84.43,92.2 1 0
github.com/brigadecore/brigade/v2/sdk/core/workers.go:99.46,105.2 1 0
github.com/brigadecore/brigade/v2/sdk/core/workers.go:213.53,227.2 2 4
github.com/brigadecore/brigade/v2/sdk/core/workers.go:264.17,279.2 1 14
github.com/brigadecore/brigade/v2/sdk/core/workers.go:281.74,291.2 1 1
github.com/brigadecore/brigade/v2/sdk/core/workers.go:296.25,308.2 2 1
github.com/brigadecore/brigade/v2/sdk/core/workers.go:313.46,326.16 2 1
github.com/brigadecore/brigade/v2/sdk/core/workers.go:330.2,335.29 4 1
github.com/brigadecore/brigade/v2/sdk/core/workers.go:326.16,328.3 1 0
github.com/brigadecore/brigade/v2/sdk/core/workers.go:342.9,353.2 1 1
github.com/brigadecore/brigade/v2/sdk/core/workers.go:355.43,357.2 1 1
github.com/brigadecore/brigade/v2/sdk/core/workers.go:364.3,367.6 3 1
github.com/brigadecore/brigade/v2/sdk/core/workers.go:367.6,369.49 2 2
github.com/brigadecore/brigade/v2/sdk/core/workers.go:376.3,376.10 1 1
github.com/brigadecore/brigade/v2/sdk/core/workers.go:369.49,370.11 1 1
github.com/brigadecore/brigade/v2/sdk/core/workers.go:374.4,374.10 1 0
github.com/brigadecore/brigade/v2/sdk/core/workers.go:371.22,371.22 0 0
github.com/brigadecore/brigade/v2/sdk/core/workers.go:372.22,372.22 0 0
github.com/brigadecore/brigade/v2/sdk/core/workers.go:377.27,377.27 0 1
github.com/brigadecore/brigade/v2/sdk/core/workers.go:378.21,379.10 1 0
github.com/brigadecore/brigade/v2/sdk/core/api_client.go:17.78,22.2 1 1
github.com/brigadecore/brigade/v2/sdk/core/api_client.go:24.43,26.2 1 1
github.com/brigadecore/brigade/v2/sdk/core/api_client.go:28.47,30.2 1 1
github.com/brigadecore/brigade/v2/sdk/core/events.go:36.50,50.2 2 3
github.com/brigadecore/brigade/v2/sdk/core/events.go:105.46,119.2 2 7
github.com/brigadecore/brigade/v2/sdk/core/events.go:180.16,196.2 1 9
github.com/brigadecore/brigade/v2/sdk/core/events.go:201.22,214.2 2 1
github.com/brigadecore/brigade/v2/sdk/core/events.go:220.22,222.30 2 1
github.com/brigadecore/brigade/v2/sdk/core/events.go:225.2,225.36 1 1
github.com/brigadecore/brigade/v2/sdk/core/events.go:232.2,243.3 2 1
github.com/brigadecore/brigade/v2/sdk/core/events.go:222.30,224.3 1 1
github.com/brigadecore/brigade/v2/sdk/core/events.go:225.36,227.53 2 1
github.com/brigadecore/brigade/v2/sdk/core/events.go:230.3,230.67 1 1
github.com/brigadecore/brigade/v2/sdk/core/events.go:227.53,229.4 1 1
github.com/brigadecore/brigade/v2/sdk/core/events.go:249.18,261.2 2 1
github.com/brigadecore/brigade/v2/sdk/core/events.go:263.69,273.2 1 1
github.com/brigadecore/brigade/v2/sdk/core/events.go:278.35,280.26 2 1
github.com/brigadecore/brigade/v2/sdk/core/events.go:283.2,283.32 1 1
github.com/brigadecore/brigade/v2/sdk/core/events.go:290.2,301.3 2 1
github.com/brigadecore/brigade/v2/sdk/core/events.go:280.26,282.3 1 1
github.com/brigadecore/brigade/v2/sdk/core/events.go:283.32,285.49 2 1
github.com/brigadecore/brigade/v2/sdk/core/events.go:288.3,288.67 1 1
github.com/brigadecore/brigade/v2/sdk/core/events.go:285.49,287.4 1 1
github.com/brigadecore/brigade/v2/sdk/core/events.go:304.69,314.2 1 1
github.com/brigadecore/brigade/v2/sdk/core/events.go:319.35,321.30 2 1
github.com/brigadecore/brigade/v2/sdk/core/events.go:324.2,324.36 1 1
github.com/brigadecore/brigade/v2/sdk/core/events.go:331.2,342.3 2 1
github.com/brigadecore/brigade/v2/sdk/core/events.go:321.30,323.3 1 1
github.com/brigadecore/brigade/v2/sdk/core/events.go:324.36,326.53 2 1
github.com/brigadecore/brigade/v2/sdk/core/events.go:329.3,329.67 1 1
github.com/brigadecore/brigade/v2/sdk/core/events.go:326.53,328.4 1 1
github.com/brigadecore/brigade/v2/sdk/core/events.go:345.48,347.2 1 1
github.com/brigadecore/brigade/v2/sdk/core/events.go:349.42,351.2 1 1
github.com/brigadecore/brigade/v2/sdk/core/logs.go:61.14,75.2 1 10
github.com/brigadecore/brigade/v2/sdk/core/logs.go:82.42,84.24 2 1
github.com/brigadecore/brigade/v2/sdk/core/logs.go:87.2,87.30 1 1
github.com/brigadecore/brigade/v2/sdk/core/logs.go:90.2,90.17 1 1
github.com/brigadecore/brigade/v2/sdk/core/logs.go:94.2,104.16 2 1
github.com/brigadecore/brigade/v2/sdk/core/logs.go:108.2,113.26 4 1
github.com/brigadecore/brigade/v2/sdk/core/logs.go:84.24,86.3 1 1
github.com/brigadecore/brigade/v2/sdk/core/logs.go:87.30,89.3 1 1
github.com/brigadecore/brigade/v2/sdk/core/logs.go:90.17,92.3 1 1
github.com/brigadecore/brigade/v2/sdk/core/logs.go:104.16,106.3 1 0
github.com/brigadecore/brigade/v2/sdk/core/logs.go:123.3,128.6 5 1
github.com/brigadecore/brigade/v2/sdk/core/logs.go:128.6,130.51 2 2
github.com/brigadecore/brigade/v2/sdk/core/logs.go:140.3,140.10 1 1
github.com/brigadecore/brigade/v2/sdk/core/logs.go:130.51,131.21 1 1
github.com/brigadecore/brigade/v2/sdk/core/logs.go:134.4,134.11 1 0
github.com/brigadecore/brigade/v2/sdk/core/logs.go:138.4,138.10 1 0
github.com/brigadecore/brigade/v2/sdk/core/logs.go:131.21,133.5 1 1
github.com/brigadecore/brigade/v2/sdk/core/logs.go:135.22,135.22 0 0
github.com/brigadecore/brigade/v2/sdk/core/logs.go:136.22,136.22 0 0
github.com/brigadecore/brigade/v2/sdk/core/logs.go:141.31,141.31 0 1
github.com/brigadecore/brigade/v2/sdk/core/logs.go:142.21,143.10 1 0
github.com/brigadecore/brigade/v2/sdk/core/project_roles.go:38.22,52.2 1 12
github.com/brigadecore/brigade/v2/sdk/core/project_roles.go:58.9,72.2 1 1
github.com/brigadecore/brigade/v2/sdk/core/project_roles.go:78.9,97.2 2 1
github.com/brigadecore/brigade/v2/sdk/system/api_client.go:13.78,17.2 1 1
github.com/brigadecore/brigade/v2/sdk/system/api_client.go:19.41,21.2 1 1
github.com/brigadecore/brigade/v2/sdk/system/roles.go:29.15,43.2 1 4
github.com/brigadecore/brigade/v2/sdk/system/roles.go:48.9,59.2 1 1
github.com/brigadecore/brigade/v2/sdk/system/roles.go:64.9,80.2 2 1
